2026-01-17 14:22:49,899 INFO o.a.j.u.JMeterUtils: Setting Locale to en_US
2026-01-17 14:22:49,923 INFO o.a.j.JMeter: Loading user properties from: /opt/apache-jmeter-5.6.3/bin/user.properties
2026-01-17 14:22:49,923 INFO o.a.j.JMeter: Loading system properties from: /opt/apache-jmeter-5.6.3/bin/system.properties
2026-01-17 14:22:49,929 INFO o.a.j.JMeter: Copyright (c) 1998-2024 The Apache Software Foundation
2026-01-17 14:22:49,929 INFO o.a.j.JMeter: Version 5.6.3
2026-01-17 14:22:49,929 INFO o.a.j.JMeter: java.version=21.0.9
2026-01-17 14:22:49,929 INFO o.a.j.JMeter: java.vm.name=OpenJDK 64-Bit Server VM
2026-01-17 14:22:49,929 INFO o.a.j.JMeter: os.name=Linux
2026-01-17 14:22:49,929 INFO o.a.j.JMeter: os.arch=amd64
2026-01-17 14:22:49,929 INFO o.a.j.JMeter: os.version=6.14.0-37-generic
2026-01-17 14:22:49,929 INFO o.a.j.JMeter: file.encoding=UTF-8
2026-01-17 14:22:49,929 INFO o.a.j.JMeter: java.awt.headless=null
2026-01-17 14:22:49,930 INFO o.a.j.JMeter: Max memory     =4110417920
2026-01-17 14:22:49,930 INFO o.a.j.JMeter: Available Processors =16
2026-01-17 14:22:49,942 INFO o.a.j.JMeter: Default Locale=English (United States)
2026-01-17 14:22:49,943 INFO o.a.j.JMeter: JMeter  Locale=English (United States)
2026-01-17 14:22:49,943 INFO o.a.j.JMeter: JMeterHome=/opt/apache-jmeter-5.6.3
2026-01-17 14:22:49,943 INFO o.a.j.JMeter: user.dir  =/home/krsna/Documents/SpringBoot/Internship/jmx-First Task/jmx-autosync-poc
2026-01-17 14:22:49,943 INFO o.a.j.JMeter: PWD       =/home/krsna/Documents/SpringBoot/Internship/jmx-First Task/jmx-autosync-poc
2026-01-17 14:22:49,943 INFO o.a.j.JMeter: IP: 127.0.1.1 Name: krsna-Swift-SFG14-71 FullName: krsna-Swift-SFG14-71
2026-01-17 14:22:49,958 INFO o.a.j.JMeter: Loaded icon properties from org/apache/jmeter/images/icon.properties
2026-01-17 14:22:50,301 INFO o.a.j.JMeterGuiLauncher: Setting LAF to: com.github.weisj.darklaf.DarkLaf:com.github.weisj.darklaf.theme.DarculaTheme
2026-01-17 14:22:52,941 INFO o.a.j.JMeterGuiLauncher: Loading file: unit-tests/user-service-unit.jmx
2026-01-17 14:22:52,945 INFO o.a.j.s.FileServer: Default base='/home/krsna/Documents/SpringBoot/Internship/jmx-First Task/jmx-autosync-poc'
2026-01-17 14:22:52,946 INFO o.a.j.s.FileServer: Set new base='/home/krsna/Documents/SpringBoot/Internship/jmx-First Task/jmx-autosync-poc/unit-tests'
2026-01-17 14:22:53,208 INFO o.a.j.s.SaveService: Testplan (JMX) version: 2.2. Testlog (JTL) version: 2.2
2026-01-17 14:22:53,240 INFO o.a.j.s.SaveService: Using SaveService properties version 5.0
2026-01-17 14:22:53,244 INFO o.a.j.s.SaveService: Using SaveService properties file encoding UTF-8
2026-01-17 14:22:53,247 INFO o.a.j.s.SaveService: Loading file: unit-tests/user-service-unit.jmx
2026-01-17 14:22:53,299 INFO o.a.j.p.h.s.HTTPSamplerBase: Parser for text/html is org.apache.jmeter.protocol.http.parser.LagartoBasedHtmlParser
2026-01-17 14:22:53,299 INFO o.a.j.p.h.s.HTTPSamplerBase: Parser for application/xhtml+xml is org.apache.jmeter.protocol.http.parser.LagartoBasedHtmlParser
2026-01-17 14:22:53,300 INFO o.a.j.p.h.s.HTTPSamplerBase: Parser for application/xml is org.apache.jmeter.protocol.http.parser.LagartoBasedHtmlParser
2026-01-17 14:22:53,300 INFO o.a.j.p.h.s.HTTPSamplerBase: Parser for text/xml is org.apache.jmeter.protocol.http.parser.LagartoBasedHtmlParser
2026-01-17 14:22:53,300 INFO o.a.j.p.h.s.HTTPSamplerBase: Parser for text/vnd.wap.wml is org.apache.jmeter.protocol.http.parser.RegexpHTMLParser
2026-01-17 14:22:53,300 INFO o.a.j.p.h.s.HTTPSamplerBase: Parser for text/css is org.apache.jmeter.protocol.http.parser.CssParser
2026-01-17 14:22:53,347 ERROR o.a.j.JMeterGuiLauncher: Failure loading test file
java.lang.IllegalArgumentException: Problem loading XML from:'/home/krsna/Documents/SpringBoot/Internship/jmx-First Task/jmx-autosync-poc/unit-tests/user-service-unit.jmx'. 
Cause:
NumberFormatException: For input string: "false"

 Detail:com.thoughtworks.xstream.converters.ConversionException: 
---- Debugging information ----
cause-exception     : com.thoughtworks.xstream.converters.ConversionException
cause-message       : 
first-jmeter-class  : org.apache.jmeter.save.converters.SampleSaveConfigurationConverter.unmarshal(SampleSaveConfigurationConverter.java:175)
class               : org.apache.jmeter.save.ScriptWrapper
required-type       : org.apache.jmeter.save.ScriptWrapper
converter-type      : org.apache.jmeter.save.ScriptWrapperConverter
path                : /jmeterTestPlan/hashTree/hashTree/ResultCollector/objProp/value/assertionsResultsToSave
line number         : 1864
version             : 5.6.3
-------------------------------
	at org.apache.jmeter.save.SaveService.readTree(SaveService.java:456) ~[ApacheJMeter_core.jar:5.6.3]
	at org.apache.jmeter.save.SaveService.loadTree(SaveService.java:429) ~[ApacheJMeter_core.jar:5.6.3]
	at org.apache.jmeter.JMeterGuiLauncher$loadFile$2.invokeSuspend(JMeterGuiLauncher.kt:140) ~[ApacheJMeter_core.jar:5.6.3]
	at kotlin.coroutines.jvm.internal.BaseContinuationImpl.resumeWith(ContinuationImpl.kt:33) ~[kotlin-stdlib-1.9.22.jar:1.9.22-release-704]
	at kotlinx.coroutines.DispatchedTask.run(DispatchedTask.kt:108) ~[kotlinx-coroutines-core-jvm-1.7.3.jar:?]
	at kotlinx.coroutines.scheduling.CoroutineScheduler.runSafely(CoroutineScheduler.kt:584) ~[kotlinx-coroutines-core-jvm-1.7.3.jar:?]
	at kotlinx.coroutines.scheduling.CoroutineScheduler$Worker.executeTask(CoroutineScheduler.kt:793) ~[kotlinx-coroutines-core-jvm-1.7.3.jar:?]
	at kotlinx.coroutines.scheduling.CoroutineScheduler$Worker.runWorker(CoroutineScheduler.kt:697) ~[kotlinx-coroutines-core-jvm-1.7.3.jar:?]
	at kotlinx.coroutines.scheduling.CoroutineScheduler$Worker.run(CoroutineScheduler.kt:684) ~[kotlinx-coroutines-core-jvm-1.7.3.jar:?]
Caused by: com.thoughtworks.xstream.converters.ConversionException: 
---- Debugging information ----
cause-exception     : com.thoughtworks.xstream.converters.ConversionException
cause-message       : 
first-jmeter-class  : org.apache.jmeter.save.converters.SampleSaveConfigurationConverter.unmarshal(SampleSaveConfigurationConverter.java:175)
class               : org.apache.jmeter.save.ScriptWrapper
required-type       : org.apache.jmeter.save.ScriptWrapper
converter-type      : org.apache.jmeter.save.ScriptWrapperConverter
path                : /jmeterTestPlan/hashTree/hashTree/ResultCollector/objProp/value/assertionsResultsToSave
line number         : 1864
version             : 5.6.3
-------------------------------
	at org.apache.jmeter.save.ScriptWrapperConverter.createConversionException(ScriptWrapperConverter.java:101) ~[ApacheJMeter_core.jar:5.6.3]
	at org.apache.jmeter.save.ScriptWrapperConverter.unmarshal(ScriptWrapperConverter.java:95) ~[ApacheJMeter_core.jar:5.6.3]
	at com.thoughtworks.xstream.core.TreeUnmarshaller.convert(TreeUnmarshaller.java:74) ~[xstream-1.4.20.jar:1.4.20]
	at com.thoughtworks.xstream.core.AbstractReferenceUnmarshaller.convert(AbstractReferenceUnmarshaller.java:72) ~[xstream-1.4.20.jar:1.4.20]
	at com.thoughtworks.xstream.core.TreeUnmarshaller.convertAnother(TreeUnmarshaller.java:68) ~[xstream-1.4.20.jar:1.4.20]
	at com.thoughtworks.xstream.core.TreeUnmarshaller.convertAnother(TreeUnmarshaller.java:52) ~[xstream-1.4.20.jar:1.4.20]
	at com.thoughtworks.xstream.core.TreeUnmarshaller.start(TreeUnmarshaller.java:136) ~[xstream-1.4.20.jar:1.4.20]
	at com.thoughtworks.xstream.core.AbstractTreeMarshallingStrategy.unmarshal(AbstractTreeMarshallingStrategy.java:32) ~[xstream-1.4.20.jar:1.4.20]
	at com.thoughtworks.xstream.XStream.unmarshal(XStream.java:1464) ~[xstream-1.4.20.jar:1.4.20]
	at com.thoughtworks.xstream.XStream.unmarshal(XStream.java:1441) ~[xstream-1.4.20.jar:1.4.20]
	at com.thoughtworks.xstream.XStream.fromXML(XStream.java:1321) ~[xstream-1.4.20.jar:1.4.20]
	at org.apache.jmeter.save.SaveService.readTree(SaveService.java:446) ~[ApacheJMeter_core.jar:5.6.3]
	... 8 more
Caused by: com.thoughtworks.xstream.converters.ConversionException: 
---- Debugging information ----
cause-exception     : java.lang.NumberFormatException
cause-message       : For input string: "false"
class               : java.lang.Integer
required-type       : java.lang.Integer
converter-type      : com.thoughtworks.xstream.converters.SingleValueConverterWrapper
wrapped-converter   : com.thoughtworks.xstream.converters.basic.IntConverter
path                : /jmeterTestPlan/hashTree/hashTree/ResultCollector/objProp/value/assertionsResultsToSave
line number         : 1864
class[1]            : org.apache.jmeter.samplers.SampleSaveConfiguration
required-type[1]    : org.apache.jmeter.samplers.SampleSaveConfiguration
converter-type[1]   : org.apache.jmeter.save.converters.SampleSaveConfigurationConverter
class[2]            : org.apache.jmeter.testelement.property.ObjectProperty
required-type[2]    : org.apache.jmeter.testelement.property.ObjectProperty
converter-type[2]   : com.thoughtworks.xstream.converters.reflection.ReflectionConverter
class[3]            : org.apache.jmeter.reporters.ResultCollector
required-type[3]    : org.apache.jmeter.reporters.ResultCollector
converter-type[3]   : org.apache.jmeter.save.converters.TestElementConverter
class[4]            : org.apache.jorphan.collections.ListedHashTree
required-type[4]    : org.apache.jorphan.collections.ListedHashTree
converter-type[4]   : org.apache.jmeter.save.converters.HashTreeConverter
-------------------------------
	at com.thoughtworks.xstream.core.TreeUnmarshaller.convert(TreeUnmarshaller.java:81) ~[xstream-1.4.20.jar:1.4.20]
	at com.thoughtworks.xstream.core.AbstractReferenceUnmarshaller.convert(AbstractReferenceUnmarshaller.java:66) ~[xstream-1.4.20.jar:1.4.20]
	at com.thoughtworks.xstream.core.TreeUnmarshaller.convertAnother(TreeUnmarshaller.java:68) ~[xstream-1.4.20.jar:1.4.20]
	at com.thoughtworks.xstream.converters.reflection.AbstractReflectionConverter.unmarshallField(AbstractReflectionConverter.java:499) ~[xstream-1.4.20.jar:1.4.20]
	at org.apache.jmeter.save.converters.SampleSaveConfigurationConverter.unmarshal(SampleSaveConfigurationConverter.java:175) ~[ApacheJMeter_core.jar:5.6.3]
	at com.thoughtworks.xstream.core.TreeUnmarshaller.convert(TreeUnmarshaller.java:74) ~[xstream-1.4.20.jar:1.4.20]
	at com.thoughtworks.xstream.core.AbstractReferenceUnmarshaller.convert(AbstractReferenceUnmarshaller.java:72) ~[xstream-1.4.20.jar:1.4.20]
	at com.thoughtworks.xstream.core.TreeUnmarshaller.convertAnother(TreeUnmarshaller.java:68) ~[xstream-1.4.20.jar:1.4.20]
	at com.thoughtworks.xstream.converters.reflection.AbstractReflectionConverter.unmarshallField(AbstractReflectionConverter.java:499) ~[xstream-1.4.20.jar:1.4.20]
	at com.thoughtworks.xstream.converters.reflection.AbstractReflectionConverter.doUnmarshal(AbstractReflectionConverter.java:425) ~[xstream-1.4.20.jar:1.4.20]
	at com.thoughtworks.xstream.converters.reflection.AbstractReflectionConverter.unmarshal(AbstractReflectionConverter.java:277) ~[xstream-1.4.20.jar:1.4.20]
	at com.thoughtworks.xstream.core.TreeUnmarshaller.convert(TreeUnmarshaller.java:74) ~[xstream-1.4.20.jar:1.4.20]
	at com.thoughtworks.xstream.core.AbstractReferenceUnmarshaller.convert(AbstractReferenceUnmarshaller.java:72) ~[xstream-1.4.20.jar:1.4.20]
	at com.thoughtworks.xstream.core.TreeUnmarshaller.convertAnother(TreeUnmarshaller.java:68) ~[xstream-1.4.20.jar:1.4.20]
	at com.thoughtworks.xstream.core.TreeUnmarshaller.convertAnother(TreeUnmarshaller.java:52) ~[xstream-1.4.20.jar:1.4.20]
	at com.thoughtworks.xstream.converters.collections.AbstractCollectionConverter.readBareItem(AbstractCollectionConverter.java:132) ~[xstream-1.4.20.jar:1.4.20]
	at org.apache.jmeter.save.converters.TestElementConverter.unmarshal(TestElementConverter.java:109) ~[ApacheJMeter_core.jar:5.6.3]
	at com.thoughtworks.xstream.core.TreeUnmarshaller.convert(TreeUnmarshaller.java:74) ~[xstream-1.4.20.jar:1.4.20]
	at com.thoughtworks.xstream.core.AbstractReferenceUnmarshaller.convert(AbstractReferenceUnmarshaller.java:72) ~[xstream-1.4.20.jar:1.4.20]
	at com.thoughtworks.xstream.core.TreeUnmarshaller.convertAnother(TreeUnmarshaller.java:68) ~[xstream-1.4.20.jar:1.4.20]
	at com.thoughtworks.xstream.core.TreeUnmarshaller.convertAnother(TreeUnmarshaller.java:52) ~[xstream-1.4.20.jar:1.4.20]
	at com.thoughtworks.xstream.converters.collections.AbstractCollectionConverter.readBareItem(AbstractCollectionConverter.java:132) ~[xstream-1.4.20.jar:1.4.20]
	at org.apache.jmeter.save.converters.HashTreeConverter.unmarshal(HashTreeConverter.java:66) ~[ApacheJMeter_core.jar:5.6.3]
	at com.thoughtworks.xstream.core.TreeUnmarshaller.convert(TreeUnmarshaller.java:74) ~[xstream-1.4.20.jar:1.4.20]
	at com.thoughtworks.xstream.core.AbstractReferenceUnmarshaller.convert(AbstractReferenceUnmarshaller.java:72) ~[xstream-1.4.20.jar:1.4.20]
	at com.thoughtworks.xstream.core.TreeUnmarshaller.convertAnother(TreeUnmarshaller.java:68) ~[xstream-1.4.20.jar:1.4.20]
	at com.thoughtworks.xstream.core.TreeUnmarshaller.convertAnother(TreeUnmarshaller.java:52) ~[xstream-1.4.20.jar:1.4.20]
	at com.thoughtworks.xstream.converters.collections.AbstractCollectionConverter.readBareItem(AbstractCollectionConverter.java:132) ~[xstream-1.4.20.jar:1.4.20]
	at org.apache.jmeter.save.converters.HashTreeConverter.unmarshal(HashTreeConverter.java:66) ~[ApacheJMeter_core.jar:5.6.3]
	at com.thoughtworks.xstream.core.TreeUnmarshaller.convert(TreeUnmarshaller.java:74) ~[xstream-1.4.20.jar:1.4.20]
	at com.thoughtworks.xstream.core.AbstractReferenceUnmarshaller.convert(AbstractReferenceUnmarshaller.java:72) ~[xstream-1.4.20.jar:1.4.20]
	at com.thoughtworks.xstream.core.TreeUnmarshaller.convertAnother(TreeUnmarshaller.java:68) ~[xstream-1.4.20.jar:1.4.20]
	at com.thoughtworks.xstream.core.TreeUnmarshaller.convertAnother(TreeUnmarshaller.java:52) ~[xstream-1.4.20.jar:1.4.20]
	at org.apache.jmeter.save.ScriptWrapperConverter.unmarshal(ScriptWrapperConverter.java:93) ~[ApacheJMeter_core.jar:5.6.3]
	at com.thoughtworks.xstream.core.TreeUnmarshaller.convert(TreeUnmarshaller.java:74) ~[xstream-1.4.20.jar:1.4.20]
	at com.thoughtworks.xstream.core.AbstractReferenceUnmarshaller.convert(AbstractReferenceUnmarshaller.java:72) ~[xstream-1.4.20.jar:1.4.20]
	at com.thoughtworks.xstream.core.TreeUnmarshaller.convertAnother(TreeUnmarshaller.java:68) ~[xstream-1.4.20.jar:1.4.20]
	at com.thoughtworks.xstream.core.TreeUnmarshaller.convertAnother(TreeUnmarshaller.java:52) ~[xstream-1.4.20.jar:1.4.20]
	at com.thoughtworks.xstream.core.TreeUnmarshaller.start(TreeUnmarshaller.java:136) ~[xstream-1.4.20.jar:1.4.20]
	at com.thoughtworks.xstream.core.AbstractTreeMarshallingStrategy.unmarshal(AbstractTreeMarshallingStrategy.java:32) ~[xstream-1.4.20.jar:1.4.20]
	at com.thoughtworks.xstream.XStream.unmarshal(XStream.java:1464) ~[xstream-1.4.20.jar:1.4.20]
	at com.thoughtworks.xstream.XStream.unmarshal(XStream.java:1441) ~[xstream-1.4.20.jar:1.4.20]
	at com.thoughtworks.xstream.XStream.fromXML(XStream.java:1321) ~[xstream-1.4.20.jar:1.4.20]
	at org.apache.jmeter.save.SaveService.readTree(SaveService.java:446) ~[ApacheJMeter_core.jar:5.6.3]
	... 8 more
Caused by: java.lang.NumberFormatException: For input string: "false"
	at java.base/java.lang.NumberFormatException.forInputString(NumberFormatException.java:67) ~[?:?]
	at java.base/java.lang.Long.parseLong(Long.java:709) ~[?:?]
	at java.base/java.lang.Long.decode(Long.java:1295) ~[?:?]
	at com.thoughtworks.xstream.converters.basic.IntConverter.fromString(IntConverter.java:27) ~[xstream-1.4.20.jar:1.4.20]
	at com.thoughtworks.xstream.converters.SingleValueConverterWrapper.fromString(SingleValueConverterWrapper.java:41) ~[xstream-1.4.20.jar:1.4.20]
	at com.thoughtworks.xstream.converters.SingleValueConverterWrapper.unmarshal(SingleValueConverterWrapper.java:49) ~[xstream-1.4.20.jar:1.4.20]
	at com.thoughtworks.xstream.core.TreeUnmarshaller.convert(TreeUnmarshaller.java:74) ~[xstream-1.4.20.jar:1.4.20]
	at com.thoughtworks.xstream.core.AbstractReferenceUnmarshaller.convert(AbstractReferenceUnmarshaller.java:66) ~[xstream-1.4.20.jar:1.4.20]
	at com.thoughtworks.xstream.core.TreeUnmarshaller.convertAnother(TreeUnmarshaller.java:68) ~[xstream-1.4.20.jar:1.4.20]
	at com.thoughtworks.xstream.converters.reflection.AbstractReflectionConverter.unmarshallField(AbstractReflectionConverter.java:499) ~[xstream-1.4.20.jar:1.4.20]
	at org.apache.jmeter.save.converters.SampleSaveConfigurationConverter.unmarshal(SampleSaveConfigurationConverter.java:175) ~[ApacheJMeter_core.jar:5.6.3]
	at com.thoughtworks.xstream.core.TreeUnmarshaller.convert(TreeUnmarshaller.java:74) ~[xstream-1.4.20.jar:1.4.20]
	at com.thoughtworks.xstream.core.AbstractReferenceUnmarshaller.convert(AbstractReferenceUnmarshaller.java:72) ~[xstream-1.4.20.jar:1.4.20]
	at com.thoughtworks.xstream.core.TreeUnmarshaller.convertAnother(TreeUnmarshaller.java:68) ~[xstream-1.4.20.jar:1.4.20]
	at com.thoughtworks.xstream.converters.reflection.AbstractReflectionConverter.unmarshallField(AbstractReflectionConverter.java:499) ~[xstream-1.4.20.jar:1.4.20]
	at com.thoughtworks.xstream.converters.reflection.AbstractReflectionConverter.doUnmarshal(AbstractReflectionConverter.java:425) ~[xstream-1.4.20.jar:1.4.20]
	at com.thoughtworks.xstream.converters.reflection.AbstractReflectionConverter.unmarshal(AbstractReflectionConverter.java:277) ~[xstream-1.4.20.jar:1.4.20]
	at com.thoughtworks.xstream.core.TreeUnmarshaller.convert(TreeUnmarshaller.java:74) ~[xstream-1.4.20.jar:1.4.20]
	at com.thoughtworks.xstream.core.AbstractReferenceUnmarshaller.convert(AbstractReferenceUnmarshaller.java:72) ~[xstream-1.4.20.jar:1.4.20]
	at com.thoughtworks.xstream.core.TreeUnmarshaller.convertAnother(TreeUnmarshaller.java:68) ~[xstream-1.4.20.jar:1.4.20]
	at com.thoughtworks.xstream.core.TreeUnmarshaller.convertAnother(TreeUnmarshaller.java:52) ~[xstream-1.4.20.jar:1.4.20]
	at com.thoughtworks.xstream.converters.collections.AbstractCollectionConverter.readBareItem(AbstractCollectionConverter.java:132) ~[xstream-1.4.20.jar:1.4.20]
	at org.apache.jmeter.save.converters.TestElementConverter.unmarshal(TestElementConverter.java:109) ~[ApacheJMeter_core.jar:5.6.3]
	at com.thoughtworks.xstream.core.TreeUnmarshaller.convert(TreeUnmarshaller.java:74) ~[xstream-1.4.20.jar:1.4.20]
	at com.thoughtworks.xstream.core.AbstractReferenceUnmarshaller.convert(AbstractReferenceUnmarshaller.java:72) ~[xstream-1.4.20.jar:1.4.20]
	at com.thoughtworks.xstream.core.TreeUnmarshaller.convertAnother(TreeUnmarshaller.java:68) ~[xstream-1.4.20.jar:1.4.20]
	at com.thoughtworks.xstream.core.TreeUnmarshaller.convertAnother(TreeUnmarshaller.java:52) ~[xstream-1.4.20.jar:1.4.20]
	at com.thoughtworks.xstream.converters.collections.AbstractCollectionConverter.readBareItem(AbstractCollectionConverter.java:132) ~[xstream-1.4.20.jar:1.4.20]
	at org.apache.jmeter.save.converters.HashTreeConverter.unmarshal(HashTreeConverter.java:66) ~[ApacheJMeter_core.jar:5.6.3]
	at com.thoughtworks.xstream.core.TreeUnmarshaller.convert(TreeUnmarshaller.java:74) ~[xstream-1.4.20.jar:1.4.20]
	at com.thoughtworks.xstream.core.AbstractReferenceUnmarshaller.convert(AbstractReferenceUnmarshaller.java:72) ~[xstream-1.4.20.jar:1.4.20]
	at com.thoughtworks.xstream.core.TreeUnmarshaller.convertAnother(TreeUnmarshaller.java:68) ~[xstream-1.4.20.jar:1.4.20]
	at com.thoughtworks.xstream.core.TreeUnmarshaller.convertAnother(TreeUnmarshaller.java:52) ~[xstream-1.4.20.jar:1.4.20]
	at com.thoughtworks.xstream.converters.collections.AbstractCollectionConverter.readBareItem(AbstractCollectionConverter.java:132) ~[xstream-1.4.20.jar:1.4.20]
	at org.apache.jmeter.save.converters.HashTreeConverter.unmarshal(HashTreeConverter.java:66) ~[ApacheJMeter_core.jar:5.6.3]
	at com.thoughtworks.xstream.core.TreeUnmarshaller.convert(TreeUnmarshaller.java:74) ~[xstream-1.4.20.jar:1.4.20]
	at com.thoughtworks.xstream.core.AbstractReferenceUnmarshaller.convert(AbstractReferenceUnmarshaller.java:72) ~[xstream-1.4.20.jar:1.4.20]
	at com.thoughtworks.xstream.core.TreeUnmarshaller.convertAnother(TreeUnmarshaller.java:68) ~[xstream-1.4.20.jar:1.4.20]
	at com.thoughtworks.xstream.core.TreeUnmarshaller.convertAnother(TreeUnmarshaller.java:52) ~[xstream-1.4.20.jar:1.4.20]
	at org.apache.jmeter.save.ScriptWrapperConverter.unmarshal(ScriptWrapperConverter.java:93) ~[ApacheJMeter_core.jar:5.6.3]
	at com.thoughtworks.xstream.core.TreeUnmarshaller.convert(TreeUnmarshaller.java:74) ~[xstream-1.4.20.jar:1.4.20]
	at com.thoughtworks.xstream.core.AbstractReferenceUnmarshaller.convert(AbstractReferenceUnmarshaller.java:72) ~[xstream-1.4.20.jar:1.4.20]
	at com.thoughtworks.xstream.core.TreeUnmarshaller.convertAnother(TreeUnmarshaller.java:68) ~[xstream-1.4.20.jar:1.4.20]
	at com.thoughtworks.xstream.core.TreeUnmarshaller.convertAnother(TreeUnmarshaller.java:52) ~[xstream-1.4.20.jar:1.4.20]
	at com.thoughtworks.xstream.core.TreeUnmarshaller.start(TreeUnmarshaller.java:136) ~[xstream-1.4.20.jar:1.4.20]
	at com.thoughtworks.xstream.core.AbstractTreeMarshallingStrategy.unmarshal(AbstractTreeMarshallingStrategy.java:32) ~[xstream-1.4.20.jar:1.4.20]
	at com.thoughtworks.xstream.XStream.unmarshal(XStream.java:1464) ~[xstream-1.4.20.jar:1.4.20]
	at com.thoughtworks.xstream.XStream.unmarshal(XStream.java:1441) ~[xstream-1.4.20.jar:1.4.20]
	at com.thoughtworks.xstream.XStream.fromXML(XStream.java:1321) ~[xstream-1.4.20.jar:1.4.20]
	at org.apache.jmeter.save.SaveService.readTree(SaveService.java:446) ~[ApacheJMeter_core.jar:5.6.3]
	... 8 more
2026-01-17 14:22:53,362 ERROR o.a.j.u.JMeterUtils: java.lang.IllegalArgumentException: Problem loading XML from:'/home/krsna/Documents/SpringBoot/Internship/jmx-First Task/jmx-autosync-poc/unit-tests/user-service-unit.jmx'. 
Cause:
NumberFormatException: For input string: "false"

 Detail:com.thoughtworks.xstream.converters.ConversionException: 
---- Debugging information ----
cause-exception     : com.thoughtworks.xstream.converters.ConversionException
cause-message       : 
first-jmeter-class  : org.apache.jmeter.save.converters.SampleSaveConfigurationConverter.unmarshal(SampleSaveConfigurationConverter.java:175)
class               : org.apache.jmeter.save.ScriptWrapper
required-type       : org.apache.jmeter.save.ScriptWrapper
converter-type      : org.apache.jmeter.save.ScriptWrapperConverter
path                : /jmeterTestPlan/hashTree/hashTree/ResultCollector/objProp/value/assertionsResultsToSave
line number         : 1864
version             : 5.6.3
-------------------------------
